[2025-01-16T08:04:35.453+0000] {local_task_job_runner.py:120} INFO - ::group::Pre task execution logs
[2025-01-16T08:04:35.500+0000] {taskinstance.py:2076} INFO - Dependencies all met for dep_context=non-requeueable deps ti=<TaskInstance: ETL.extract_data manual__2025-01-16T08:04:29.539021+00:00 [queued]>
[2025-01-16T08:04:35.513+0000] {taskinstance.py:2076} INFO - Dependencies all met for dep_context=requeueable deps ti=<TaskInstance: ETL.extract_data manual__2025-01-16T08:04:29.539021+00:00 [queued]>
[2025-01-16T08:04:35.515+0000] {taskinstance.py:2306} INFO - Starting attempt 1 of 1
[2025-01-16T08:04:35.566+0000] {taskinstance.py:2330} INFO - Executing <Task(SparkSubmitOperator): extract_data> on 2025-01-16 08:04:29.539021+00:00
[2025-01-16T08:04:35.572+0000] {standard_task_runner.py:63} INFO - Started process 816 to run task
[2025-01-16T08:04:35.571+0000] {clientserver.py:543} INFO - Closing down clientserver connection
[2025-01-16T08:04:35.582+0000] {standard_task_runner.py:90} INFO - Running: ['airflow', 'tasks', 'run', 'ETL', 'extract_data', 'manual__2025-01-16T08:04:29.539021+00:00', '--job-id', '27', '--raw', '--subdir', 'DAGS_FOLDER/ETL.py', '--cfg-path', '/tmp/tmp4axw4zlj']
[2025-01-16T08:04:35.585+0000] {standard_task_runner.py:91} INFO - Job 27: Subtask extract_data
[2025-01-16T08:04:35.577+0000] {clientserver.py:505} INFO - Error while sending or receiving.
Traceback (most recent call last):
  File "/home/airflow/.local/lib/python3.10/site-packages/py4j/clientserver.py", line 503, in send_command
    self.socket.sendall(command.encode("utf-8"))
ConnectionResetError: [Errno 104] Connection reset by peer
[2025-01-16T08:04:35.592+0000] {clientserver.py:543} INFO - Closing down clientserver connection
[2025-01-16T08:04:35.592+0000] {java_gateway.py:1052} INFO - Exception while sending command.
Traceback (most recent call last):
  File "/home/airflow/.local/lib/python3.10/site-packages/py4j/clientserver.py", line 503, in send_command
    self.socket.sendall(command.encode("utf-8"))
ConnectionResetError: [Errno 104] Connection reset by peer

During handling of the above exception, another exception occurred:

Traceback (most recent call last):
  File "/home/airflow/.local/lib/python3.10/site-packages/py4j/java_gateway.py", line 1038, in send_command
    response = connection.send_command(command)
  File "/home/airflow/.local/lib/python3.10/site-packages/py4j/clientserver.py", line 506, in send_command
    raise Py4JNetworkError(
py4j.protocol.Py4JNetworkError: Error while sending
[2025-01-16T08:04:35.613+0000] {clientserver.py:543} INFO - Closing down clientserver connection
[2025-01-16T08:04:35.737+0000] {task_command.py:426} INFO - Running <TaskInstance: ETL.extract_data manual__2025-01-16T08:04:29.539021+00:00 [running]> on host airflow-scheduler
[2025-01-16T08:04:35.920+0000] {taskinstance.py:2648} INFO - Exporting env vars: AIRFLOW_CTX_DAG_OWNER='Ajied(WhatsApp), Ajied(Email)' AIRFLOW_CTX_DAG_ID='ETL' AIRFLOW_CTX_TASK_ID='extract_data' AIRFLOW_CTX_EXECUTION_DATE='2025-01-16T08:04:29.539021+00:00' AIRFLOW_CTX_TRY_NUMBER='1' AIRFLOW_CTX_DAG_RUN_ID='manual__2025-01-16T08:04:29.539021+00:00'
[2025-01-16T08:04:35.922+0000] {taskinstance.py:430} INFO - ::endgroup::
[2025-01-16T08:04:35.937+0000] {base.py:84} INFO - Using connection ID 'spark_main' for task execution.
[2025-01-16T08:04:35.939+0000] {spark_submit.py:474} INFO - Spark-Submit cmd: spark-submit --master spark://spark-master:7077 --jars /spark-scripts/jars/jars_postgresql-42.2.20.jar --name arrow-spark /spark-scripts/resources/extract.py
[2025-01-16T08:04:37.612+0000] {spark_submit.py:641} INFO - 25/01/16 08:04:37 WARN NativeCodeLoader: Unable to load native-hadoop library for your platform... using builtin-java classes where applicable
[2025-01-16T08:04:39.068+0000] {spark_submit.py:641} INFO - 25/01/16 08:04:39 INFO SparkContext: Running Spark version 3.3.2
[2025-01-16T08:04:39.101+0000] {spark_submit.py:641} INFO - 25/01/16 08:04:39 INFO ResourceUtils: ==============================================================
[2025-01-16T08:04:39.102+0000] {spark_submit.py:641} INFO - 25/01/16 08:04:39 INFO ResourceUtils: No custom resources configured for spark.driver.
[2025-01-16T08:04:39.102+0000] {spark_submit.py:641} INFO - 25/01/16 08:04:39 INFO ResourceUtils: ==============================================================
[2025-01-16T08:04:39.103+0000] {spark_submit.py:641} INFO - 25/01/16 08:04:39 INFO SparkContext: Submitted application: Data Extract
[2025-01-16T08:04:39.123+0000] {spark_submit.py:641} INFO - 25/01/16 08:04:39 INFO ResourceProfile: Default ResourceProfile created, executor resources: Map(cores -> name: cores, amount: 1, script: , vendor: , memory -> name: memory, amount: 1024, script: , vendor: , offHeap -> name: offHeap, amount: 0, script: , vendor: ), task resources: Map(cpus -> name: cpus, amount: 1.0)
[2025-01-16T08:04:39.133+0000] {spark_submit.py:641} INFO - 25/01/16 08:04:39 INFO ResourceProfile: Limiting resource is cpu
[2025-01-16T08:04:39.134+0000] {spark_submit.py:641} INFO - 25/01/16 08:04:39 INFO ResourceProfileManager: Added ResourceProfile id: 0
[2025-01-16T08:04:39.179+0000] {spark_submit.py:641} INFO - 25/01/16 08:04:39 INFO SecurityManager: Changing view acls to: airflow
[2025-01-16T08:04:39.180+0000] {spark_submit.py:641} INFO - 25/01/16 08:04:39 INFO SecurityManager: Changing modify acls to: airflow
[2025-01-16T08:04:39.180+0000] {spark_submit.py:641} INFO - 25/01/16 08:04:39 INFO SecurityManager: Changing view acls groups to:
[2025-01-16T08:04:39.180+0000] {spark_submit.py:641} INFO - 25/01/16 08:04:39 INFO SecurityManager: Changing modify acls groups to:
[2025-01-16T08:04:39.181+0000] {spark_submit.py:641} INFO - 25/01/16 08:04:39 INFO SecurityManager: SecurityManager: authentication disabled; ui acls disabled; users  with view permissions: Set(airflow); groups with view permissions: Set(); users  with modify permissions: Set(airflow); groups with modify permissions: Set()
[2025-01-16T08:04:39.423+0000] {spark_submit.py:641} INFO - 25/01/16 08:04:39 INFO Utils: Successfully started service 'sparkDriver' on port 38329.
[2025-01-16T08:04:39.457+0000] {spark_submit.py:641} INFO - 25/01/16 08:04:39 INFO SparkEnv: Registering MapOutputTracker
[2025-01-16T08:04:39.496+0000] {spark_submit.py:641} INFO - 25/01/16 08:04:39 INFO SparkEnv: Registering BlockManagerMaster
[2025-01-16T08:04:39.515+0000] {spark_submit.py:641} INFO - 25/01/16 08:04:39 INFO BlockManagerMasterEndpoint: Using org.apache.spark.storage.DefaultTopologyMapper for getting topology information
[2025-01-16T08:04:39.516+0000] {spark_submit.py:641} INFO - 25/01/16 08:04:39 INFO BlockManagerMasterEndpoint: BlockManagerMasterEndpoint up
[2025-01-16T08:04:39.520+0000] {spark_submit.py:641} INFO - 25/01/16 08:04:39 INFO SparkEnv: Registering BlockManagerMasterHeartbeat
[2025-01-16T08:04:39.536+0000] {spark_submit.py:641} INFO - 25/01/16 08:04:39 INFO DiskBlockManager: Created local directory at /tmp/blockmgr-9b20d362-6ad2-4647-b85e-e757f5a363eb
[2025-01-16T08:04:39.553+0000] {spark_submit.py:641} INFO - 25/01/16 08:04:39 INFO MemoryStore: MemoryStore started with capacity 434.4 MiB
[2025-01-16T08:04:39.573+0000] {spark_submit.py:641} INFO - 25/01/16 08:04:39 INFO SparkEnv: Registering OutputCommitCoordinator
[2025-01-16T08:04:39.718+0000] {spark_submit.py:641} INFO - 25/01/16 08:04:39 WARN Utils: Service 'SparkUI' could not bind on port 4040. Attempting port 4041.
[2025-01-16T08:04:39.724+0000] {spark_submit.py:641} INFO - 25/01/16 08:04:39 INFO Utils: Successfully started service 'SparkUI' on port 4041.
[2025-01-16T08:04:39.762+0000] {spark_submit.py:641} INFO - 25/01/16 08:04:39 ERROR SparkContext: Failed to add /opt/bitnami/spark/jars/postgresql-42.2.18.jar to Spark environment
[2025-01-16T08:04:39.763+0000] {spark_submit.py:641} INFO - java.io.FileNotFoundException: Jar /opt/bitnami/spark/jars/postgresql-42.2.18.jar not found
[2025-01-16T08:04:39.763+0000] {spark_submit.py:641} INFO - at org.apache.spark.SparkContext.addLocalJarFile$1(SparkContext.scala:1959)
[2025-01-16T08:04:39.763+0000] {spark_submit.py:641} INFO - at org.apache.spark.SparkContext.addJar(SparkContext.scala:2014)
[2025-01-16T08:04:39.764+0000] {spark_submit.py:641} INFO - at org.apache.spark.SparkContext.$anonfun$new$12(SparkContext.scala:507)
[2025-01-16T08:04:39.764+0000] {spark_submit.py:641} INFO - at org.apache.spark.SparkContext.$anonfun$new$12$adapted(SparkContext.scala:507)
[2025-01-16T08:04:39.765+0000] {spark_submit.py:641} INFO - at scala.collection.mutable.ResizableArray.foreach(ResizableArray.scala:62)
[2025-01-16T08:04:39.765+0000] {spark_submit.py:641} INFO - at scala.collection.mutable.ResizableArray.foreach$(ResizableArray.scala:55)
[2025-01-16T08:04:39.765+0000] {spark_submit.py:641} INFO - at scala.collection.mutable.ArrayBuffer.foreach(ArrayBuffer.scala:49)
[2025-01-16T08:04:39.766+0000] {spark_submit.py:641} INFO - at org.apache.spark.SparkContext.<init>(SparkContext.scala:507)
[2025-01-16T08:04:39.766+0000] {spark_submit.py:641} INFO - at org.apache.spark.api.java.JavaSparkContext.<init>(JavaSparkContext.scala:58)
[2025-01-16T08:04:39.767+0000] {spark_submit.py:641} INFO - at java.base/jdk.internal.reflect.NativeConstructorAccessorImpl.newInstance0(Native Method)
[2025-01-16T08:04:39.767+0000] {spark_submit.py:641} INFO - at java.base/jdk.internal.reflect.NativeConstructorAccessorImpl.newInstance(NativeConstructorAccessorImpl.java:77)
[2025-01-16T08:04:39.768+0000] {spark_submit.py:641} INFO - at java.base/jdk.internal.reflect.DelegatingConstructorAccessorImpl.newInstance(DelegatingConstructorAccessorImpl.java:45)
[2025-01-16T08:04:39.768+0000] {spark_submit.py:641} INFO - at java.base/java.lang.reflect.Constructor.newInstanceWithCaller(Constructor.java:500)
[2025-01-16T08:04:39.768+0000] {spark_submit.py:641} INFO - at java.base/java.lang.reflect.Constructor.newInstance(Constructor.java:481)
[2025-01-16T08:04:39.769+0000] {spark_submit.py:641} INFO - at py4j.reflection.MethodInvoker.invoke(MethodInvoker.java:247)
[2025-01-16T08:04:39.769+0000] {spark_submit.py:641} INFO - at py4j.reflection.ReflectionEngine.invoke(ReflectionEngine.java:357)
[2025-01-16T08:04:39.769+0000] {spark_submit.py:641} INFO - at py4j.Gateway.invoke(Gateway.java:238)
[2025-01-16T08:04:39.770+0000] {spark_submit.py:641} INFO - at py4j.commands.ConstructorCommand.invokeConstructor(ConstructorCommand.java:80)
[2025-01-16T08:04:39.770+0000] {spark_submit.py:641} INFO - at py4j.commands.ConstructorCommand.execute(ConstructorCommand.java:69)
[2025-01-16T08:04:39.770+0000] {spark_submit.py:641} INFO - at py4j.ClientServerConnection.waitForCommands(ClientServerConnection.java:182)
[2025-01-16T08:04:39.771+0000] {spark_submit.py:641} INFO - at py4j.ClientServerConnection.run(ClientServerConnection.java:106)
[2025-01-16T08:04:39.771+0000] {spark_submit.py:641} INFO - at java.base/java.lang.Thread.run(Thread.java:840)
[2025-01-16T08:04:39.825+0000] {spark_submit.py:641} INFO - 25/01/16 08:04:39 INFO StandaloneAppClient$ClientEndpoint: Connecting to master spark://spark-master:7077...
[2025-01-16T08:04:39.858+0000] {spark_submit.py:641} INFO - 25/01/16 08:04:39 INFO TransportClientFactory: Successfully created connection to spark-master/172.18.0.4:7077 after 19 ms (0 ms spent in bootstraps)
[2025-01-16T08:04:39.958+0000] {spark_submit.py:641} INFO - 25/01/16 08:04:39 INFO StandaloneSchedulerBackend: Connected to Spark cluster with app ID app-20250116080439-0020
[2025-01-16T08:04:39.965+0000] {spark_submit.py:641} INFO - 25/01/16 08:04:39 INFO Utils: Successfully started service 'org.apache.spark.network.netty.NettyBlockTransferService' on port 40763.
[2025-01-16T08:04:39.965+0000] {spark_submit.py:641} INFO - 25/01/16 08:04:39 INFO NettyBlockTransferService: Server created on airflow-scheduler:40763
[2025-01-16T08:04:39.967+0000] {spark_submit.py:641} INFO - 25/01/16 08:04:39 INFO BlockManager: Using org.apache.spark.storage.RandomBlockReplicationPolicy for block replication policy
[2025-01-16T08:04:39.973+0000] {spark_submit.py:641} INFO - 25/01/16 08:04:39 INFO BlockManagerMaster: Registering BlockManager BlockManagerId(driver, airflow-scheduler, 40763, None)
[2025-01-16T08:04:39.978+0000] {spark_submit.py:641} INFO - 25/01/16 08:04:39 INFO BlockManagerMasterEndpoint: Registering block manager airflow-scheduler:40763 with 434.4 MiB RAM, BlockManagerId(driver, airflow-scheduler, 40763, None)
[2025-01-16T08:04:39.980+0000] {spark_submit.py:641} INFO - 25/01/16 08:04:39 INFO BlockManagerMaster: Registered BlockManager BlockManagerId(driver, airflow-scheduler, 40763, None)
[2025-01-16T08:04:39.981+0000] {spark_submit.py:641} INFO - 25/01/16 08:04:39 INFO BlockManager: Initialized BlockManager: BlockManagerId(driver, airflow-scheduler, 40763, None)
[2025-01-16T08:04:40.160+0000] {spark_submit.py:641} INFO - 25/01/16 08:04:40 INFO StandaloneSchedulerBackend: SchedulerBackend is ready for scheduling beginning after reached minRegisteredResourcesRatio: 0.0
[2025-01-16T08:04:40.312+0000] {spark_submit.py:641} INFO - Extracting data from PostgreSQL (products)...
[2025-01-16T08:04:42.471+0000] {spark_submit.py:641} INFO - Extracting data from PostgreSQL (transactions)...
[2025-01-16T08:04:42.502+0000] {spark_submit.py:641} INFO - Products Data:
[2025-01-16T08:04:58.455+0000] {spark_submit.py:641} INFO - 25/01/16 08:04:58 WARN TaskSchedulerImpl: Initial job has not accepted any resources; check your cluster UI to ensure that workers are registered and have sufficient resources
[2025-01-16T08:05:13.455+0000] {spark_submit.py:641} INFO - 25/01/16 08:05:13 WARN TaskSchedulerImpl: Initial job has not accepted any resources; check your cluster UI to ensure that workers are registered and have sufficient resources
[2025-01-16T08:05:28.488+0000] {spark_submit.py:641} INFO - 25/01/16 08:05:28 WARN TaskSchedulerImpl: Initial job has not accepted any resources; check your cluster UI to ensure that workers are registered and have sufficient resources
[2025-01-16T08:05:43.456+0000] {spark_submit.py:641} INFO - 25/01/16 08:05:43 WARN TaskSchedulerImpl: Initial job has not accepted any resources; check your cluster UI to ensure that workers are registered and have sufficient resources
[2025-01-16T08:05:58.454+0000] {spark_submit.py:641} INFO - 25/01/16 08:05:58 WARN TaskSchedulerImpl: Initial job has not accepted any resources; check your cluster UI to ensure that workers are registered and have sufficient resources
[2025-01-16T08:06:13.454+0000] {spark_submit.py:641} INFO - 25/01/16 08:06:13 WARN TaskSchedulerImpl: Initial job has not accepted any resources; check your cluster UI to ensure that workers are registered and have sufficient resources
[2025-01-16T08:06:28.453+0000] {spark_submit.py:641} INFO - 25/01/16 08:06:28 WARN TaskSchedulerImpl: Initial job has not accepted any resources; check your cluster UI to ensure that workers are registered and have sufficient resources
[2025-01-16T08:06:43.454+0000] {spark_submit.py:641} INFO - 25/01/16 08:06:43 WARN TaskSchedulerImpl: Initial job has not accepted any resources; check your cluster UI to ensure that workers are registered and have sufficient resources
[2025-01-16T08:06:58.454+0000] {spark_submit.py:641} INFO - 25/01/16 08:06:58 WARN TaskSchedulerImpl: Initial job has not accepted any resources; check your cluster UI to ensure that workers are registered and have sufficient resources
[2025-01-16T08:07:13.453+0000] {spark_submit.py:641} INFO - 25/01/16 08:07:13 WARN TaskSchedulerImpl: Initial job has not accepted any resources; check your cluster UI to ensure that workers are registered and have sufficient resources
[2025-01-16T08:07:28.455+0000] {spark_submit.py:641} INFO - 25/01/16 08:07:28 WARN TaskSchedulerImpl: Initial job has not accepted any resources; check your cluster UI to ensure that workers are registered and have sufficient resources
[2025-01-16T08:07:43.454+0000] {spark_submit.py:641} INFO - 25/01/16 08:07:43 WARN TaskSchedulerImpl: Initial job has not accepted any resources; check your cluster UI to ensure that workers are registered and have sufficient resources
[2025-01-16T08:07:58.460+0000] {spark_submit.py:641} INFO - 25/01/16 08:07:58 WARN TaskSchedulerImpl: Initial job has not accepted any resources; check your cluster UI to ensure that workers are registered and have sufficient resources
[2025-01-16T08:08:13.453+0000] {spark_submit.py:641} INFO - 25/01/16 08:08:13 WARN TaskSchedulerImpl: Initial job has not accepted any resources; check your cluster UI to ensure that workers are registered and have sufficient resources
[2025-01-16T08:08:28.454+0000] {spark_submit.py:641} INFO - 25/01/16 08:08:28 WARN TaskSchedulerImpl: Initial job has not accepted any resources; check your cluster UI to ensure that workers are registered and have sufficient resources
[2025-01-16T08:08:43.454+0000] {spark_submit.py:641} INFO - 25/01/16 08:08:43 WARN TaskSchedulerImpl: Initial job has not accepted any resources; check your cluster UI to ensure that workers are registered and have sufficient resources
[2025-01-16T08:08:58.454+0000] {spark_submit.py:641} INFO - 25/01/16 08:08:58 WARN TaskSchedulerImpl: Initial job has not accepted any resources; check your cluster UI to ensure that workers are registered and have sufficient resources
[2025-01-16T08:09:13.454+0000] {spark_submit.py:641} INFO - 25/01/16 08:09:13 WARN TaskSchedulerImpl: Initial job has not accepted any resources; check your cluster UI to ensure that workers are registered and have sufficient resources
[2025-01-16T08:09:28.454+0000] {spark_submit.py:641} INFO - 25/01/16 08:09:28 WARN TaskSchedulerImpl: Initial job has not accepted any resources; check your cluster UI to ensure that workers are registered and have sufficient resources
[2025-01-16T08:09:39.902+0000] {spark_submit.py:641} INFO - 25/01/16 08:09:39 WARN StandaloneAppClient$ClientEndpoint: Connection to spark-master:7077 failed; waiting for master to reconnect...
[2025-01-16T08:09:39.908+0000] {spark_submit.py:641} INFO - 25/01/16 08:09:39 WARN StandaloneSchedulerBackend: Disconnected from Spark cluster! Waiting for reconnection...
[2025-01-16T08:09:39.908+0000] {spark_submit.py:641} INFO - 25/01/16 08:09:39 WARN StandaloneAppClient$ClientEndpoint: Connection to spark-master:7077 failed; waiting for master to reconnect...
[2025-01-16T08:09:43.454+0000] {spark_submit.py:641} INFO - 25/01/16 08:09:43 WARN TaskSchedulerImpl: Initial job has not accepted any resources; check your cluster UI to ensure that workers are registered and have sufficient resources
[2025-01-16T08:09:58.454+0000] {spark_submit.py:641} INFO - 25/01/16 08:09:58 WARN TaskSchedulerImpl: Initial job has not accepted any resources; check your cluster UI to ensure that workers are registered and have sufficient resources
[2025-01-16T08:10:13.455+0000] {spark_submit.py:641} INFO - 25/01/16 08:10:13 WARN TaskSchedulerImpl: Initial job has not accepted any resources; check your cluster UI to ensure that workers are registered and have sufficient resources
[2025-01-16T08:10:28.454+0000] {spark_submit.py:641} INFO - 25/01/16 08:10:28 WARN TaskSchedulerImpl: Initial job has not accepted any resources; check your cluster UI to ensure that workers are registered and have sufficient resources
[2025-01-16T08:10:43.455+0000] {spark_submit.py:641} INFO - 25/01/16 08:10:43 WARN TaskSchedulerImpl: Initial job has not accepted any resources; check your cluster UI to ensure that workers are registered and have sufficient resources
[2025-01-16T08:10:58.454+0000] {spark_submit.py:641} INFO - 25/01/16 08:10:58 WARN TaskSchedulerImpl: Initial job has not accepted any resources; check your cluster UI to ensure that workers are registered and have sufficient resources
[2025-01-16T08:11:13.453+0000] {spark_submit.py:641} INFO - 25/01/16 08:11:13 WARN TaskSchedulerImpl: Initial job has not accepted any resources; check your cluster UI to ensure that workers are registered and have sufficient resources
[2025-01-16T08:11:28.454+0000] {spark_submit.py:641} INFO - 25/01/16 08:11:28 WARN TaskSchedulerImpl: Initial job has not accepted any resources; check your cluster UI to ensure that workers are registered and have sufficient resources
[2025-01-16T08:11:43.453+0000] {spark_submit.py:641} INFO - 25/01/16 08:11:43 WARN TaskSchedulerImpl: Initial job has not accepted any resources; check your cluster UI to ensure that workers are registered and have sufficient resources
[2025-01-16T08:11:58.454+0000] {spark_submit.py:641} INFO - 25/01/16 08:11:58 WARN TaskSchedulerImpl: Initial job has not accepted any resources; check your cluster UI to ensure that workers are registered and have sufficient resources
[2025-01-16T08:12:13.455+0000] {spark_submit.py:641} INFO - 25/01/16 08:12:13 WARN TaskSchedulerImpl: Initial job has not accepted any resources; check your cluster UI to ensure that workers are registered and have sufficient resources
[2025-01-16T08:12:28.455+0000] {spark_submit.py:641} INFO - 25/01/16 08:12:28 WARN TaskSchedulerImpl: Initial job has not accepted any resources; check your cluster UI to ensure that workers are registered and have sufficient resources
[2025-01-16T08:12:43.458+0000] {spark_submit.py:641} INFO - 25/01/16 08:12:43 WARN TaskSchedulerImpl: Initial job has not accepted any resources; check your cluster UI to ensure that workers are registered and have sufficient resources
[2025-01-16T08:12:58.455+0000] {spark_submit.py:641} INFO - 25/01/16 08:12:58 WARN TaskSchedulerImpl: Initial job has not accepted any resources; check your cluster UI to ensure that workers are registered and have sufficient resources
[2025-01-16T08:13:13.453+0000] {spark_submit.py:641} INFO - 25/01/16 08:13:13 WARN TaskSchedulerImpl: Initial job has not accepted any resources; check your cluster UI to ensure that workers are registered and have sufficient resources
[2025-01-16T08:13:28.454+0000] {spark_submit.py:641} INFO - 25/01/16 08:13:28 WARN TaskSchedulerImpl: Initial job has not accepted any resources; check your cluster UI to ensure that workers are registered and have sufficient resources
[2025-01-16T08:13:43.454+0000] {spark_submit.py:641} INFO - 25/01/16 08:13:43 WARN TaskSchedulerImpl: Initial job has not accepted any resources; check your cluster UI to ensure that workers are registered and have sufficient resources
[2025-01-16T08:13:58.454+0000] {spark_submit.py:641} INFO - 25/01/16 08:13:58 WARN TaskSchedulerImpl: Initial job has not accepted any resources; check your cluster UI to ensure that workers are registered and have sufficient resources
[2025-01-16T08:14:13.454+0000] {spark_submit.py:641} INFO - 25/01/16 08:14:13 WARN TaskSchedulerImpl: Initial job has not accepted any resources; check your cluster UI to ensure that workers are registered and have sufficient resources
[2025-01-16T08:14:28.454+0000] {spark_submit.py:641} INFO - 25/01/16 08:14:28 WARN TaskSchedulerImpl: Initial job has not accepted any resources; check your cluster UI to ensure that workers are registered and have sufficient resources
[2025-01-16T08:14:43.454+0000] {spark_submit.py:641} INFO - 25/01/16 08:14:43 WARN TaskSchedulerImpl: Initial job has not accepted any resources; check your cluster UI to ensure that workers are registered and have sufficient resources
[2025-01-16T08:14:58.453+0000] {spark_submit.py:641} INFO - 25/01/16 08:14:58 WARN TaskSchedulerImpl: Initial job has not accepted any resources; check your cluster UI to ensure that workers are registered and have sufficient resources
[2025-01-16T08:15:13.455+0000] {spark_submit.py:641} INFO - 25/01/16 08:15:13 WARN TaskSchedulerImpl: Initial job has not accepted any resources; check your cluster UI to ensure that workers are registered and have sufficient resources
[2025-01-16T08:15:28.454+0000] {spark_submit.py:641} INFO - 25/01/16 08:15:28 WARN TaskSchedulerImpl: Initial job has not accepted any resources; check your cluster UI to ensure that workers are registered and have sufficient resources
[2025-01-16T08:15:43.455+0000] {spark_submit.py:641} INFO - 25/01/16 08:15:43 WARN TaskSchedulerImpl: Initial job has not accepted any resources; check your cluster UI to ensure that workers are registered and have sufficient resources
[2025-01-16T08:15:58.454+0000] {spark_submit.py:641} INFO - 25/01/16 08:15:58 WARN TaskSchedulerImpl: Initial job has not accepted any resources; check your cluster UI to ensure that workers are registered and have sufficient resources
[2025-01-16T08:16:13.455+0000] {spark_submit.py:641} INFO - 25/01/16 08:16:13 WARN TaskSchedulerImpl: Initial job has not accepted any resources; check your cluster UI to ensure that workers are registered and have sufficient resources
[2025-01-16T08:16:17.292+0000] {local_task_job_runner.py:124} ERROR - Received SIGTERM. Terminating subprocesses
[2025-01-16T08:16:17.299+0000] {process_utils.py:132} INFO - Sending 15 to group 816. PIDs of all processes in the group: [818, 884, 816]
[2025-01-16T08:16:17.300+0000] {process_utils.py:87} INFO - Sending the signal 15 to group 816
[2025-01-16T08:16:17.303+0000] {taskinstance.py:2611} ERROR - Received SIGTERM. Terminating subprocesses.
[2025-01-16T08:16:17.306+0000] {spark_submit.py:767} INFO - Sending kill signal to spark-submit
[2025-01-16T08:16:17.319+0000] {taskinstance.py:441} INFO - ::group::Post task execution logs
[2025-01-16T08:16:17.442+0000] {taskinstance.py:2905} ERROR - Task failed with exception
Traceback (most recent call last):
  File "/home/airflow/.local/lib/python3.10/site-packages/airflow/models/taskinstance.py", line 465, in _execute_task
    result = _execute_callable(context=context, **execute_callable_kwargs)
  File "/home/airflow/.local/lib/python3.10/site-packages/airflow/models/taskinstance.py", line 432, in _execute_callable
    return execute_callable(context=context, **execute_callable_kwargs)
  File "/home/airflow/.local/lib/python3.10/site-packages/airflow/models/baseoperator.py", line 401, in wrapper
    return func(self, *args, **kwargs)
  File "/home/airflow/.local/lib/python3.10/site-packages/airflow/providers/apache/spark/operators/spark_submit.py", line 177, in execute
    self._hook.submit(self.application)
  File "/home/airflow/.local/lib/python3.10/site-packages/airflow/providers/apache/spark/hooks/spark_submit.py", line 555, in submit
    self._process_spark_submit_log(iter(self._submit_sp.stdout))  # type: ignore
  File "/home/airflow/.local/lib/python3.10/site-packages/airflow/providers/apache/spark/hooks/spark_submit.py", line 604, in _process_spark_submit_log
    for line in itr:
  File "/home/airflow/.local/lib/python3.10/site-packages/airflow/models/taskinstance.py", line 2613, in signal_handler
    raise AirflowTaskTerminated("Task received SIGTERM signal")
airflow.exceptions.AirflowTaskTerminated: Task received SIGTERM signal
[2025-01-16T08:16:17.468+0000] {taskinstance.py:1206} INFO - Marking task as FAILED. dag_id=ETL, task_id=extract_data, run_id=manual__2025-01-16T08:04:29.539021+00:00, execution_date=20250116T080429, start_date=20250116T080435, end_date=20250116T081617
[2025-01-16T08:16:17.567+0000] {process_utils.py:80} INFO - Process psutil.Process(pid=818, status='terminated', started='08:04:35') (818) terminated with exit code None
[2025-01-16T08:16:17.568+0000] {process_utils.py:80} INFO - Process psutil.Process(pid=884, status='terminated', started='08:04:36') (884) terminated with exit code None
[2025-01-16T08:16:17.568+0000] {process_utils.py:80} INFO - Process psutil.Process(pid=816, status='terminated', exitcode=2, started='08:04:34') (816) terminated with exit code 2
[2025-01-16T08:16:17.569+0000] {local_task_job_runner.py:240} INFO - Task exited with return code 143
[2025-01-16T08:16:17.599+0000] {taskinstance.py:3503} INFO - 0 downstream tasks scheduled from follow-on schedule check
[2025-01-16T08:16:18.885+0000] {local_task_job_runner.py:222} INFO - ::endgroup::
